-------------------------------------------------------------------------------
Test set: com.intech.comptabilite.service.entityservice.EcritureComptableServiceTest
-------------------------------------------------------------------------------
Tests run: 1, Failures: 1, Errors: 0, Skipped: 0, Time elapsed: 0.009 s <<< FAILURE! - in com.intech.comptabilite.service.entityservice.EcritureComptableServiceTest
isEquilibree  Time elapsed: 0.004 s  <<< FAILURE!
org.opentest4j.AssertionFailedError: expected: <false> but was: <true>
	at com.intech.comptabilite.service.entityservice.EcritureComptableServiceTest.isEquilibree(EcritureComptableServiceTest.java:50)

