-------------------------------------------------------------------------------
Test set: com.intech.comptabilite.service.businessmanager.ComptabiliteManagerImplTest
-------------------------------------------------------------------------------
Tests run: 4, Failures: 1, Errors: 0, Skipped: 0, Time elapsed: 0.15 s <<< FAILURE! - in com.intech.comptabilite.service.businessmanager.ComptabiliteManagerImplTest
checkEcritureComptableUnitRG2  Time elapsed: 0.038 s  <<< FAILURE!
org.opentest4j.AssertionFailedError: Expected com.intech.comptabilite.service.exceptions.FunctionalException to be thrown, but nothing was thrown.
	at com.intech.comptabilite.service.businessmanager.ComptabiliteManagerImplTest.checkEcritureComptableUnitRG2(ComptabiliteManagerImplTest.java:62)

